2020-07-01 17:25:02.026002 | Info | Starting up.
2020-07-01 17:25:04.697918 | Info | Startup activity: loaded the markov_brain.txt file into the Markov chainer. Loaded 115891 lines of text.
2020-07-01 17:25:07.335408 | Info | Startup: The bot is alive with the sounds of music. Connected to Discord API on 2020-07-01 17:25:07.335327
2020-07-01 17:31:09.267493 | Info | Starting up.
2020-07-01 17:31:16.918446 | Info | Startup activity: loaded the markov_brain.txt file into the Markov chainer. Loaded 115891 lines of text.
2020-07-01 17:31:19.796689 | Info | Startup: The bot is alive with the sounds of music. Connected to Discord API on 2020-07-01 17:31:19.796608
2020-07-01 17:31:53.551644 | Info | Starting up.
2020-07-01 17:31:56.172432 | Info | Startup activity: loaded the markov_brain.txt file into the Markov chainer. Loaded 115891 lines of text.
2020-07-01 17:31:58.759104 | Info | Startup: The bot is alive with the sounds of music. Connected to Discord API on 2020-07-01 17:31:58.759018
2020-07-01 17:32:32.374453 | Info | Added a line to the Markov chainer.
2020-07-01 17:32:32.376898 | Info | Calculated a random number : 24
2020-07-01 17:32:34.452290 | Info | Added a line to the Markov chainer.
2020-07-01 17:32:34.452363 | Info | Calculated a random number : 22
2020-07-01 17:32:37.012328 | Info | Added a line to the Markov chainer.
2020-07-01 17:32:37.012420 | Info | Calculated a random number : 27
2020-07-01 17:32:44.154556 | Info | Added a line to the Markov chainer.
2020-07-01 17:32:44.157387 | Info | Calculated a random number : 1
2020-07-01 17:32:46.788473 | Info | Added a line to the Markov chainer.
2020-07-01 17:32:46.788541 | Info | Calculated a random number : 28
2020-07-01 17:32:52.007887 | Info | Added a line to the Markov chainer.
2020-07-01 17:32:52.007991 | Info | Calculated a random number : 18
2020-07-01 17:32:57.023788 | Info | Added a line to the Markov chainer.
2020-07-01 17:32:57.023857 | Info | Calculated a random number : 9
2020-07-01 17:33:04.485065 | Info | Added a line to the Markov chainer.
2020-07-01 17:33:04.485167 | Info | Calculated a random number : 22
2020-07-01 17:33:08.103926 | Info | Added a line to the Markov chainer.
2020-07-01 17:33:08.103995 | Info | Calculated a random number : 5
2020-07-01 17:33:19.246785 | Info | Added a line to the Markov chainer.
2020-07-01 17:33:19.246857 | Info | Calculated a random number : 3
2020-07-01 17:33:21.902133 | Info | Added a line to the Markov chainer.
2020-07-01 17:33:21.902206 | Info | Calculated a random number : 20
2020-07-01 17:33:49.358322 | Info | Starting up.
2020-07-01 17:33:52.533063 | Info | Startup activity: loaded the markov_brain.txt file into the Markov chainer. Loaded 115902 lines of text.
2020-07-01 17:33:55.342878 | Info | Startup: The bot is alive with the sounds of music. Connected to Discord API on 2020-07-01 17:33:55.342797
2020-07-01 17:33:56.719260 | Info | Added a line to the Markov chainer.
2020-07-01 17:33:56.722810 | Info | Calculated a random number : 11
2020-07-01 17:33:59.576447 | Info | Added a line to the Markov chainer.
2020-07-01 17:33:59.576517 | Info | Calculated a random number : 22
2020-07-01 17:34:01.361192 | Info | Added a line to the Markov chainer.
2020-07-01 17:34:01.361263 | Info | Calculated a random number : 28
2020-07-01 17:34:03.787359 | Info | Added a line to the Markov chainer.
2020-07-01 17:34:03.790072 | Info | Calculated a random number : 15
2020-07-01 17:34:06.347599 | Info | Added a line to the Markov chainer.
2020-07-01 17:34:06.347671 | Info | Calculated a random number : 3
2020-07-01 17:34:11.007759 | Info | Added a line to the Markov chainer.
2020-07-01 17:34:11.010875 | Info | Calculated a random number : 20
2020-07-01 17:34:11.011341 | Info | RNG = 20, Markov Gibberish function activated
2020-07-01 17:40:15.469085 | Info | Starting up.
2020-07-01 17:40:19.398837 | Info | Startup activity: loaded the markov_brain.txt file into the Markov chainer. Loaded 115908 lines of text.
2020-07-01 17:40:22.030785 | Info | Startup: The bot is alive with the sounds of music. Connected to Discord API on 2020-07-01 17:40:22.030705
2020-07-01 17:44:37.919502 | Info | Starting up.
2020-07-01 17:44:40.761751 | Info | Startup activity: loaded the markov_brain.txt file into the Markov chainer. Loaded 115908 lines of text.
2020-07-01 17:44:43.369548 | Info | Startup: The bot is alive with the sounds of music. Connected to Discord API on 2020-07-01 17:44:43.369466
2020-07-01 17:44:47.055333 | Info | Added a line to the Markov chainer.
2020-07-01 17:44:47.058968 | Info | Calculated a random number : 6
2020-07-01 17:44:48.078146 | Info | Added a line to the Markov chainer.
2020-07-01 17:44:48.078217 | Info | Calculated a random number : 19
2020-07-01 17:44:49.067417 | Info | Added a line to the Markov chainer.
2020-07-01 17:44:49.067490 | Info | Calculated a random number : 8
2020-07-01 17:44:50.068639 | Info | Added a line to the Markov chainer.
2020-07-01 17:44:50.068707 | Info | Calculated a random number : 8
2020-07-01 17:44:50.918007 | Info | Added a line to the Markov chainer.
2020-07-01 17:44:50.918077 | Info | Calculated a random number : 13
2020-07-01 17:44:51.922386 | Info | Added a line to the Markov chainer.
2020-07-01 17:44:51.922452 | Info | Calculated a random number : 6
2020-07-01 17:44:52.703916 | Info | Added a line to the Markov chainer.
2020-07-01 17:44:52.703983 | Info | Calculated a random number : 15
2020-07-01 17:44:53.886667 | Info | Added a line to the Markov chainer.
2020-07-01 17:44:53.886734 | Info | Calculated a random number : 16
2020-07-01 17:44:56.940793 | Info | Added a line to the Markov chainer.
2020-07-01 17:44:56.940859 | Info | Calculated a random number : 16
2020-07-01 17:44:58.289419 | Info | Added a line to the Markov chainer.
2020-07-01 17:44:58.289487 | Info | Calculated a random number : 5
2020-07-01 17:44:59.596701 | Info | Added a line to the Markov chainer.
2020-07-01 17:44:59.596774 | Info | Calculated a random number : 24
2020-07-01 17:45:00.408885 | Info | Added a line to the Markov chainer.
2020-07-01 17:45:00.408962 | Info | Calculated a random number : 7
2020-07-01 17:45:01.269874 | Info | Added a line to the Markov chainer.
2020-07-01 17:45:01.272684 | Info | Calculated a random number : 28
2020-07-01 17:45:02.004169 | Info | Added a line to the Markov chainer.
2020-07-01 17:45:02.004266 | Info | Calculated a random number : 24
2020-07-01 17:45:02.873478 | Info | Added a line to the Markov chainer.
2020-07-01 17:45:02.873545 | Info | Calculated a random number : 20
2020-07-01 17:45:02.873584 | Info | RNG = 20, Markov Gibberish function activated
2020-07-01 17:45:21.141425 | Info | Added a line to the Markov chainer.
2020-07-01 17:45:21.141496 | Info | Calculated a random number : 23
2020-07-01 17:46:08.373796 | Info | Added a line to the Markov chainer.
2020-07-01 17:46:08.373866 | Info | Calculated a random number : 28
2020-07-01 17:46:11.475563 | Info | Added a line to the Markov chainer.
2020-07-01 17:46:11.475636 | Info | Calculated a random number : 18
2020-07-01 17:46:13.129302 | Info | Added a line to the Markov chainer.
2020-07-01 17:46:13.129373 | Info | Calculated a random number : 14
2020-07-01 17:46:19.239566 | Info | Added a line to the Markov chainer.
2020-07-01 17:46:19.239636 | Info | Calculated a random number : 19
2020-07-01 17:46:20.277670 | Info | Added a line to the Markov chainer.
2020-07-01 17:46:20.277744 | Info | Calculated a random number : 19
2020-07-01 17:46:21.197720 | Info | Added a line to the Markov chainer.
2020-07-01 17:46:21.197788 | Info | Calculated a random number : 10
2020-07-01 17:46:21.197823 | Info | RNG = 10, Butt Replace function activated
2020-07-01 17:46:23.411750 | Info | Added a line to the Markov chainer.
2020-07-01 17:46:23.411826 | Info | Calculated a random number : 20
2020-07-01 17:46:23.411863 | Info | RNG = 20, Markov Gibberish function activated
2020-07-01 17:46:24.433317 | Info | Added a line to the Markov chainer.
2020-07-01 17:46:24.433410 | Info | Calculated a random number : 26
2020-07-01 17:46:25.597252 | Info | Added a line to the Markov chainer.
2020-07-01 17:46:25.597322 | Info | Calculated a random number : 7
2020-07-01 17:46:26.598977 | Info | Added a line to the Markov chainer.
2020-07-01 17:46:26.599060 | Info | Calculated a random number : 1
2020-07-01 17:46:27.680295 | Info | Added a line to the Markov chainer.
2020-07-01 17:46:27.680368 | Info | Calculated a random number : 2
2020-07-01 17:46:28.759804 | Info | Added a line to the Markov chainer.
2020-07-01 17:46:28.759900 | Info | Calculated a random number : 28
2020-07-01 17:46:29.848067 | Info | Added a line to the Markov chainer.
2020-07-01 17:46:29.848135 | Info | Calculated a random number : 25
2020-07-01 17:46:30.916056 | Info | Added a line to the Markov chainer.
2020-07-01 17:46:30.916127 | Info | Calculated a random number : 22
2020-07-01 17:46:31.774387 | Info | Added a line to the Markov chainer.
2020-07-01 17:46:31.774453 | Info | Calculated a random number : 27
2020-07-01 17:46:32.582203 | Info | Added a line to the Markov chainer.
2020-07-01 17:46:32.582276 | Info | Calculated a random number : 7
2020-07-01 17:46:33.590165 | Info | Added a line to the Markov chainer.
2020-07-01 17:46:33.590233 | Info | Calculated a random number : 25
2020-07-01 17:46:34.497754 | Info | Added a line to the Markov chainer.
2020-07-01 17:46:34.497825 | Info | Calculated a random number : 15
2020-07-01 17:46:35.510253 | Info | Added a line to the Markov chainer.
2020-07-01 17:46:35.510322 | Info | Calculated a random number : 26
2020-07-01 17:46:36.405902 | Info | Added a line to the Markov chainer.
2020-07-01 17:46:36.405978 | Info | Calculated a random number : 20
2020-07-01 17:46:36.406012 | Info | RNG = 20, Markov Gibberish function activated
2020-07-01 17:46:37.519100 | Info | Added a line to the Markov chainer.
2020-07-01 17:46:37.519167 | Info | Calculated a random number : 18
2020-07-01 17:46:38.458320 | Info | Added a line to the Markov chainer.
2020-07-01 17:46:38.461515 | Info | Calculated a random number : 13
2020-07-01 17:46:40.099695 | Info | Added a line to the Markov chainer.
2020-07-01 17:46:40.099773 | Info | Calculated a random number : 1
2020-07-01 17:46:41.013385 | Info | Added a line to the Markov chainer.
2020-07-01 17:46:41.013502 | Info | Calculated a random number : 26
2020-07-01 17:46:42.248619 | Info | Added a line to the Markov chainer.
2020-07-01 17:46:42.251576 | Info | Calculated a random number : 16
2020-07-01 17:46:43.119313 | Info | Added a line to the Markov chainer.
2020-07-01 17:46:43.119380 | Info | Calculated a random number : 14
2020-07-01 17:46:44.104142 | Info | Added a line to the Markov chainer.
2020-07-01 17:46:44.104208 | Info | Calculated a random number : 20
2020-07-01 17:46:44.104243 | Info | RNG = 20, Markov Gibberish function activated
2020-07-01 17:46:45.175959 | Info | Added a line to the Markov chainer.
2020-07-01 17:46:45.176030 | Info | Calculated a random number : 13
2020-07-01 17:46:46.246042 | Info | Added a line to the Markov chainer.
2020-07-01 17:46:46.246109 | Info | Calculated a random number : 15
2020-07-01 17:46:47.157620 | Info | Added a line to the Markov chainer.
2020-07-01 17:46:47.160511 | Info | Calculated a random number : 22
2020-07-01 17:46:48.075170 | Info | Added a line to the Markov chainer.
2020-07-01 17:46:48.078768 | Info | Calculated a random number : 10
2020-07-01 17:46:48.078925 | Info | RNG = 10, Butt Replace function activated
2020-07-01 17:46:49.073165 | Info | Added a line to the Markov chainer.
2020-07-01 17:46:49.073233 | Info | Calculated a random number : 17
2020-07-01 17:48:39.781604 | Info | Added a line to the Markov chainer.
2020-07-01 17:48:39.781675 | Info | Calculated a random number : 29
